2013/01/19 15:39:52 [error] [exception.CHttpException.404] exception 'CHttpException' with message 'Unable to resolve the request "gii.".' in C:\wamp\www\yii\framework\web\CWebApplication.php:286
Stack trace:
#0 C:\wamp\www\yii\framework\web\CWebApplication.php(141): CWebApplication->runController('gii.')
#1 C:\wamp\www\yii\framework\base\CApplication.php(169): CWebApplication->processRequest()
#2 C:\wamp\www\yii-jarvis\index.php(13): CApplication->run()
#3 {main}
REQUEST_URI=/yii-jarvis/index.php?r=gii.
---
2013/01/19 15:40:34 [error] [exception.CHttpException.404] exception 'CHttpException' with message 'Unable to resolve the request "gii.".' in C:\wamp\www\yii\framework\web\CWebApplication.php:286
Stack trace:
#0 C:\wamp\www\yii\framework\web\CWebApplication.php(141): CWebApplication->runController('gii.')
#1 C:\wamp\www\yii\framework\base\CApplication.php(169): CWebApplication->processRequest()
#2 C:\wamp\www\yii-jarvis\index.php(13): CApplication->run()
#3 {main}
REQUEST_URI=/yii-jarvis/index.php?r=gii.
---
2013/01/19 15:40:36 [error] [exception.CHttpException.404] exception 'CHttpException' with message 'Unable to resolve the request "gii.".' in C:\wamp\www\yii\framework\web\CWebApplication.php:286
Stack trace:
#0 C:\wamp\www\yii\framework\web\CWebApplication.php(141): CWebApplication->runController('gii.')
#1 C:\wamp\www\yii\framework\base\CApplication.php(169): CWebApplication->processRequest()
#2 C:\wamp\www\yii-jarvis\index.php(13): CApplication->run()
#3 {main}
REQUEST_URI=/yii-jarvis/index.php?r=gii.
---
2013/01/19 15:40:36 [error] [exception.CHttpException.404] exception 'CHttpException' with message 'Unable to resolve the request "gii.".' in C:\wamp\www\yii\framework\web\CWebApplication.php:286
Stack trace:
#0 C:\wamp\www\yii\framework\web\CWebApplication.php(141): CWebApplication->runController('gii.')
#1 C:\wamp\www\yii\framework\base\CApplication.php(169): CWebApplication->processRequest()
#2 C:\wamp\www\yii-jarvis\index.php(13): CApplication->run()
#3 {main}
REQUEST_URI=/yii-jarvis/index.php?r=gii.
---
2013/01/19 15:42:28 [error] [exception.CHttpException.404] exception 'CHttpException' with message 'Unable to resolve the request "gii.".' in C:\wamp\www\yii\framework\web\CWebApplication.php:286
Stack trace:
#0 C:\wamp\www\yii\framework\web\CWebApplication.php(141): CWebApplication->runController('gii.')
#1 C:\wamp\www\yii\framework\base\CApplication.php(169): CWebApplication->processRequest()
#2 C:\wamp\www\yii-jarvis\index.php(13): CApplication->run()
#3 {main}
REQUEST_URI=/yii-jarvis/index.php?r=gii.
---
2013/01/19 15:42:29 [error] [exception.CHttpException.404] exception 'CHttpException' with message 'Unable to resolve the request "gii.".' in C:\wamp\www\yii\framework\web\CWebApplication.php:286
Stack trace:
#0 C:\wamp\www\yii\framework\web\CWebApplication.php(141): CWebApplication->runController('gii.')
#1 C:\wamp\www\yii\framework\base\CApplication.php(169): CWebApplication->processRequest()
#2 C:\wamp\www\yii-jarvis\index.php(13): CApplication->run()
#3 {main}
REQUEST_URI=/yii-jarvis/index.php?r=gii.
---
2013/01/19 16:21:23 [error] [exception.CException] exception 'CException' with message 'Property "JarvisUser.errorCode" is not defined.' in C:\wamp\www\yii\framework\base\CComponent.php:130
Stack trace:
#0 C:\wamp\www\yii\framework\db\ar\CActiveRecord.php(143): CComponent->__get('errorCode')
#1 C:\wamp\www\yii-jarvis\protected\models\LoginForm.php(71): CActiveRecord->__get('errorCode')
#2 C:\wamp\www\yii-jarvis\protected\controllers\SiteController.php(95): LoginForm->login()
#3 C:\wamp\www\yii\framework\web\actions\CInlineAction.php(49): SiteController->actionLogin()
#4 C:\wamp\www\yii\framework\web\CController.php(308): CInlineAction->runWithParams(Array)
#5 C:\wamp\www\yii\framework\web\CController.php(286): CController->runAction(Object(CInlineAction))
#6 C:\wamp\www\yii\framework\web\CController.php(265): CController->runActionWithFilters(Object(CInlineAction), Array)
#7 C:\wamp\www\yii\framework\web\CWebApplication.php(282): CController->run('login')
#8 C:\wamp\www\yii\framework\web\CWebApplication.php(141): CWebApplication->runController('site/login')
#9 C:\wamp\www\yii\framework\base\CApplication.php(169): CWebApplication->processRequest()
#10 C:\wamp\www\yii-jarvis\index.php(13): CApplication->run()
#11 {main}
REQUEST_URI=/yii-jarvis/index.php?r=site/login
HTTP_REFERER=http://localhost/yii-jarvis/index.php?r=site/login
---
2013/01/19 16:21:45 [error] [exception.CException] exception 'CException' with message 'Property "JarvisUser.errorCode" is not defined.' in C:\wamp\www\yii\framework\base\CComponent.php:130
Stack trace:
#0 C:\wamp\www\yii\framework\db\ar\CActiveRecord.php(143): CComponent->__get('errorCode')
#1 C:\wamp\www\yii-jarvis\protected\models\LoginForm.php(69): CActiveRecord->__get('errorCode')
#2 C:\wamp\www\yii-jarvis\protected\controllers\SiteController.php(95): LoginForm->login()
#3 C:\wamp\www\yii\framework\web\actions\CInlineAction.php(49): SiteController->actionLogin()
#4 C:\wamp\www\yii\framework\web\CController.php(308): CInlineAction->runWithParams(Array)
#5 C:\wamp\www\yii\framework\web\CController.php(286): CController->runAction(Object(CInlineAction))
#6 C:\wamp\www\yii\framework\web\CController.php(265): CController->runActionWithFilters(Object(CInlineAction), Array)
#7 C:\wamp\www\yii\framework\web\CWebApplication.php(282): CController->run('login')
#8 C:\wamp\www\yii\framework\web\CWebApplication.php(141): CWebApplication->runController('site/login')
#9 C:\wamp\www\yii\framework\base\CApplication.php(169): CWebApplication->processRequest()
#10 C:\wamp\www\yii-jarvis\index.php(13): CApplication->run()
#11 {main}
REQUEST_URI=/yii-jarvis/index.php?r=site/login
HTTP_REFERER=http://localhost/yii-jarvis/index.php?r=site/login
---
2013/01/19 16:21:50 [error] [exception.CException] exception 'CException' with message 'Property "JarvisUser.errorCode" is not defined.' in C:\wamp\www\yii\framework\base\CComponent.php:130
Stack trace:
#0 C:\wamp\www\yii\framework\db\ar\CActiveRecord.php(143): CComponent->__get('errorCode')
#1 C:\wamp\www\yii-jarvis\protected\models\LoginForm.php(69): CActiveRecord->__get('errorCode')
#2 C:\wamp\www\yii-jarvis\protected\controllers\SiteController.php(95): LoginForm->login()
#3 C:\wamp\www\yii\framework\web\actions\CInlineAction.php(49): SiteController->actionLogin()
#4 C:\wamp\www\yii\framework\web\CController.php(308): CInlineAction->runWithParams(Array)
#5 C:\wamp\www\yii\framework\web\CController.php(286): CController->runAction(Object(CInlineAction))
#6 C:\wamp\www\yii\framework\web\CController.php(265): CController->runActionWithFilters(Object(CInlineAction), Array)
#7 C:\wamp\www\yii\framework\web\CWebApplication.php(282): CController->run('login')
#8 C:\wamp\www\yii\framework\web\CWebApplication.php(141): CWebApplication->runController('site/login')
#9 C:\wamp\www\yii\framework\base\CApplication.php(169): CWebApplication->processRequest()
#10 C:\wamp\www\yii-jarvis\index.php(13): CApplication->run()
#11 {main}
REQUEST_URI=/yii-jarvis/index.php?r=site/login
HTTP_REFERER=http://localhost/yii-jarvis/index.php?r=site/login
---
2013/01/19 16:25:26 [error] [exception.CException] exception 'CException' with message 'Property "JarvisUser.password1" is not defined.' in C:\wamp\www\yii\framework\base\CComponent.php:173
Stack trace:
#0 C:\wamp\www\yii\framework\db\ar\CActiveRecord.php(159): CComponent->__set('password1', 'admin')
#1 C:\wamp\www\yii-jarvis\protected\models\LoginForm.php(74): CActiveRecord->__set('password1', 'admin')
#2 C:\wamp\www\yii-jarvis\protected\controllers\SiteController.php(95): LoginForm->login()
#3 C:\wamp\www\yii\framework\web\actions\CInlineAction.php(49): SiteController->actionLogin()
#4 C:\wamp\www\yii\framework\web\CController.php(308): CInlineAction->runWithParams(Array)
#5 C:\wamp\www\yii\framework\web\CController.php(286): CController->runAction(Object(CInlineAction))
#6 C:\wamp\www\yii\framework\web\CController.php(265): CController->runActionWithFilters(Object(CInlineAction), Array)
#7 C:\wamp\www\yii\framework\web\CWebApplication.php(282): CController->run('login')
#8 C:\wamp\www\yii\framework\web\CWebApplication.php(141): CWebApplication->runController('site/login')
#9 C:\wamp\www\yii\framework\base\CApplication.php(169): CWebApplication->processRequest()
#10 C:\wamp\www\yii-jarvis\index.php(13): CApplication->run()
#11 {main}
REQUEST_URI=/yii-jarvis/index.php?r=site/login
HTTP_REFERER=http://localhost/yii-jarvis/index.php?r=site/login
---
2013/01/19 16:30:48 [error] [exception.CException] exception 'CException' with message 'JarvisUser and its behaviors do not have a method or closure named "search1".' in C:\wamp\www\yii\framework\base\CComponent.php:265
Stack trace:
#0 C:\wamp\www\yii\framework\db\ar\CActiveRecord.php(225): CComponent->__call('search1', Array)
#1 C:\wamp\www\yii-jarvis\protected\components\UserIdentity.php(24): CActiveRecord->__call('search1', Array)
#2 C:\wamp\www\yii-jarvis\protected\components\UserIdentity.php(24): JarvisUser->search1()
#3 C:\wamp\www\yii-jarvis\protected\models\LoginForm.php(53): UserIdentity->authenticate()
#4 C:\wamp\www\yii\framework\validators\CInlineValidator.php(42): LoginForm->authenticate('password', Array)
#5 C:\wamp\www\yii\framework\validators\CValidator.php(213): CInlineValidator->validateAttribute(Object(LoginForm), 'password')
#6 C:\wamp\www\yii\framework\base\CModel.php(159): CValidator->validate(Object(LoginForm), NULL)
#7 C:\wamp\www\yii-jarvis\protected\controllers\SiteController.php(95): CModel->validate()
#8 C:\wamp\www\yii\framework\web\actions\CInlineAction.php(49): SiteController->actionLogin()
#9 C:\wamp\www\yii\framework\web\CController.php(308): CInlineAction->runWithParams(Array)
#10 C:\wamp\www\yii\framework\web\CController.php(286): CController->runAction(Object(CInlineAction))
#11 C:\wamp\www\yii\framework\web\CController.php(265): CController->runActionWithFilters(Object(CInlineAction), Array)
#12 C:\wamp\www\yii\framework\web\CWebApplication.php(282): CController->run('login')
#13 C:\wamp\www\yii\framework\web\CWebApplication.php(141): CWebApplication->runController('site/login')
#14 C:\wamp\www\yii\framework\base\CApplication.php(169): CWebApplication->processRequest()
#15 C:\wamp\www\yii-jarvis\index.php(13): CApplication->run()
#16 {main}
REQUEST_URI=/yii-jarvis/index.php?r=site/login
HTTP_REFERER=http://localhost/yii-jarvis/index.php?r=site/login
---
2013/01/19 16:32:26 [error] [exception.CException] exception 'CException' with message 'CActiveDataProvider and its behaviors do not have a method or closure named "count".' in C:\wamp\www\yii\framework\base\CComponent.php:265
Stack trace:
#0 C:\wamp\www\yii-jarvis\protected\components\UserIdentity.php(25): CComponent->__call('count', Array)
#1 C:\wamp\www\yii-jarvis\protected\components\UserIdentity.php(25): CActiveDataProvider->count()
#2 C:\wamp\www\yii-jarvis\protected\models\LoginForm.php(53): UserIdentity->authenticate()
#3 C:\wamp\www\yii\framework\validators\CInlineValidator.php(42): LoginForm->authenticate('password', Array)
#4 C:\wamp\www\yii\framework\validators\CValidator.php(213): CInlineValidator->validateAttribute(Object(LoginForm), 'password')
#5 C:\wamp\www\yii\framework\base\CModel.php(159): CValidator->validate(Object(LoginForm), NULL)
#6 C:\wamp\www\yii-jarvis\protected\controllers\SiteController.php(95): CModel->validate()
#7 C:\wamp\www\yii\framework\web\actions\CInlineAction.php(49): SiteController->actionLogin()
#8 C:\wamp\www\yii\framework\web\CController.php(308): CInlineAction->runWithParams(Array)
#9 C:\wamp\www\yii\framework\web\CController.php(286): CController->runAction(Object(CInlineAction))
#10 C:\wamp\www\yii\framework\web\CController.php(265): CController->runActionWithFilters(Object(CInlineAction), Array)
#11 C:\wamp\www\yii\framework\web\CWebApplication.php(282): CController->run('login')
#12 C:\wamp\www\yii\framework\web\CWebApplication.php(141): CWebApplication->runController('site/login')
#13 C:\wamp\www\yii\framework\base\CApplication.php(169): CWebApplication->processRequest()
#14 C:\wamp\www\yii-jarvis\index.php(13): CApplication->run()
#15 {main}
REQUEST_URI=/yii-jarvis/index.php?r=site/login
HTTP_REFERER=http://localhost/yii-jarvis/index.php?r=site/login
---
2013/01/19 16:37:16 [error] [exception.CException] exception 'CException' with message 'CActiveDataProvider and its behaviors do not have a method or closure named "itemCount".' in C:\wamp\www\yii\framework\base\CComponent.php:265
Stack trace:
#0 C:\wamp\www\yii-jarvis\protected\components\UserIdentity.php(25): CComponent->__call('itemCount', Array)
#1 C:\wamp\www\yii-jarvis\protected\components\UserIdentity.php(25): CActiveDataProvider->itemCount()
#2 C:\wamp\www\yii-jarvis\protected\models\LoginForm.php(53): UserIdentity->authenticate()
#3 C:\wamp\www\yii\framework\validators\CInlineValidator.php(42): LoginForm->authenticate('password', Array)
#4 C:\wamp\www\yii\framework\validators\CValidator.php(213): CInlineValidator->validateAttribute(Object(LoginForm), 'password')
#5 C:\wamp\www\yii\framework\base\CModel.php(159): CValidator->validate(Object(LoginForm), NULL)
#6 C:\wamp\www\yii-jarvis\protected\controllers\SiteController.php(95): CModel->validate()
#7 C:\wamp\www\yii\framework\web\actions\CInlineAction.php(49): SiteController->actionLogin()
#8 C:\wamp\www\yii\framework\web\CController.php(308): CInlineAction->runWithParams(Array)
#9 C:\wamp\www\yii\framework\web\CController.php(286): CController->runAction(Object(CInlineAction))
#10 C:\wamp\www\yii\framework\web\CController.php(265): CController->runActionWithFilters(Object(CInlineAction), Array)
#11 C:\wamp\www\yii\framework\web\CWebApplication.php(282): CController->run('login')
#12 C:\wamp\www\yii\framework\web\CWebApplication.php(141): CWebApplication->runController('site/login')
#13 C:\wamp\www\yii\framework\base\CApplication.php(169): CWebApplication->processRequest()
#14 C:\wamp\www\yii-jarvis\index.php(13): CApplication->run()
#15 {main}
REQUEST_URI=/yii-jarvis/index.php?r=site/login
HTTP_REFERER=http://localhost/yii-jarvis/index.php?r=site/login
---
2013/01/19 16:40:24 [error] [exception.CHttpException.403] exception 'CHttpException' with message 'You are not authorized to perform this action.' in C:\wamp\www\yii\framework\web\auth\CAccessControlFilter.php:179
Stack trace:
#0 C:\wamp\www\yii\framework\web\auth\CAccessControlFilter.php(142): CAccessControlFilter->accessDenied(Object(CWebUser), 'You are not aut...')
#1 C:\wamp\www\yii\framework\web\filters\CFilter.php(38): CAccessControlFilter->preFilter(Object(CFilterChain))
#2 C:\wamp\www\yii\framework\web\CController.php(1145): CFilter->filter(Object(CFilterChain))
#3 C:\wamp\www\yii\framework\web\filters\CInlineFilter.php(58): CController->filterAccessControl(Object(CFilterChain))
#4 C:\wamp\www\yii\framework\web\filters\CFilterChain.php(130): CInlineFilter->filter(Object(CFilterChain))
#5 C:\wamp\www\yii\framework\web\CController.php(291): CFilterChain->run()
#6 C:\wamp\www\yii\framework\web\CController.php(265): CController->runActionWithFilters(Object(CInlineAction), Array)
#7 C:\wamp\www\yii\framework\web\CWebApplication.php(282): CController->run('admin')
#8 C:\wamp\www\yii\framework\web\CWebApplication.php(141): CWebApplication->runController('jarvisUser/admi...')
#9 C:\wamp\www\yii\framework\base\CApplication.php(169): CWebApplication->processRequest()
#10 C:\wamp\www\yii-jarvis\index.php(13): CApplication->run()
#11 {main}
REQUEST_URI=/yii-jarvis/index.php?r=jarvisUser/admin
HTTP_REFERER=http://localhost/yii-jarvis/index.php?r=jarvisUser
---
2013/01/19 16:41:32 [error] [exception.CHttpException.403] exception 'CHttpException' with message 'You are not authorized to perform this action.' in C:\wamp\www\yii\framework\web\auth\CAccessControlFilter.php:179
Stack trace:
#0 C:\wamp\www\yii\framework\web\auth\CAccessControlFilter.php(142): CAccessControlFilter->accessDenied(Object(CWebUser), 'You are not aut...')
#1 C:\wamp\www\yii\framework\web\filters\CFilter.php(38): CAccessControlFilter->preFilter(Object(CFilterChain))
#2 C:\wamp\www\yii\framework\web\CController.php(1145): CFilter->filter(Object(CFilterChain))
#3 C:\wamp\www\yii\framework\web\filters\CInlineFilter.php(58): CController->filterAccessControl(Object(CFilterChain))
#4 C:\wamp\www\yii\framework\web\filters\CFilterChain.php(130): CInlineFilter->filter(Object(CFilterChain))
#5 C:\wamp\www\yii\framework\web\CController.php(291): CFilterChain->run()
#6 C:\wamp\www\yii\framework\web\CController.php(265): CController->runActionWithFilters(Object(CInlineAction), Array)
#7 C:\wamp\www\yii\framework\web\CWebApplication.php(282): CController->run('admin')
#8 C:\wamp\www\yii\framework\web\CWebApplication.php(141): CWebApplication->runController('jarvisUser/admi...')
#9 C:\wamp\www\yii\framework\base\CApplication.php(169): CWebApplication->processRequest()
#10 C:\wamp\www\yii-jarvis\index.php(13): CApplication->run()
#11 {main}
REQUEST_URI=/yii-jarvis/index.php?r=jarvisUser/admin
HTTP_REFERER=http://localhost/yii-jarvis/index.php?r=jarvisUser
---
2013/01/19 16:45:15 [error] [exception.CHttpException.403] exception 'CHttpException' with message 'You are not authorized to perform this action.' in C:\wamp\www\yii\framework\web\auth\CAccessControlFilter.php:179
Stack trace:
#0 C:\wamp\www\yii\framework\web\auth\CAccessControlFilter.php(142): CAccessControlFilter->accessDenied(Object(CWebUser), 'You are not aut...')
#1 C:\wamp\www\yii\framework\web\filters\CFilter.php(38): CAccessControlFilter->preFilter(Object(CFilterChain))
#2 C:\wamp\www\yii\framework\web\CController.php(1145): CFilter->filter(Object(CFilterChain))
#3 C:\wamp\www\yii\framework\web\filters\CInlineFilter.php(58): CController->filterAccessControl(Object(CFilterChain))
#4 C:\wamp\www\yii\framework\web\filters\CFilterChain.php(130): CInlineFilter->filter(Object(CFilterChain))
#5 C:\wamp\www\yii\framework\web\CController.php(291): CFilterChain->run()
#6 C:\wamp\www\yii\framework\web\CController.php(265): CController->runActionWithFilters(Object(CInlineAction), Array)
#7 C:\wamp\www\yii\framework\web\CWebApplication.php(282): CController->run('admin')
#8 C:\wamp\www\yii\framework\web\CWebApplication.php(141): CWebApplication->runController('jarvisUser/admi...')
#9 C:\wamp\www\yii\framework\base\CApplication.php(169): CWebApplication->processRequest()
#10 C:\wamp\www\yii-jarvis\index.php(13): CApplication->run()
#11 {main}
REQUEST_URI=/yii-jarvis/index.php?r=jarvisUser/admin
HTTP_REFERER=http://localhost/yii-jarvis/index.php?r=jarvisUser
---
2013/01/19 16:57:26 [error] [php] include(first_name, last_name, email_address, password.php) [<a href='function.include'>function.include</a>]: failed to open stream: No such file or directory (C:\wamp\www\yii\framework\YiiBase.php:421)
Stack trace:
#0 C:\wamp\www\yii\framework\validators\CValidator.php(186): import()
#1 C:\wamp\www\yii\framework\base\CModel.php(286): createValidator()
#2 C:\wamp\www\yii\framework\base\CModel.php(260): JarvisUser->createValidators()
#3 C:\wamp\www\yii\framework\base\CModel.php(303): JarvisUser->getValidators()
#4 C:\wamp\www\yii\framework\web\helpers\CHtml.php(1237): JarvisUser->isAttributeRequired()
#5 C:\wamp\www\yii\framework\web\widgets\CActiveForm.php(562): activeLabelEx()
#6 C:\wamp\www\yii-jarvis\protected\views\jarvisUser\_form.php(19): CActiveForm->labelEx()
#7 C:\wamp\www\yii\framework\web\CBaseController.php(126): require()
#8 C:\wamp\www\yii\framework\web\CBaseController.php(95): JarvisUserController->renderInternal()
#9 C:\wamp\www\yii\framework\web\CController.php(869): JarvisUserController->renderFile()
#10 C:\wamp\www\yii-jarvis\protected\views\jarvisUser\create.php(18): JarvisUserController->renderPartial()
#11 C:\wamp\www\yii\framework\web\CBaseController.php(126): require()
#12 C:\wamp\www\yii\framework\web\CBaseController.php(95): JarvisUserController->renderInternal()
#13 C:\wamp\www\yii\framework\web\CController.php(869): JarvisUserController->renderFile()
#14 C:\wamp\www\yii\framework\web\CController.php(782): JarvisUserController->renderPartial()
#15 C:\wamp\www\yii-jarvis\protected\controllers\JarvisUserController.php(79): JarvisUserController->render()
#16 C:\wamp\www\yii\framework\web\actions\CInlineAction.php(49): JarvisUserController->actionCreate()
#17 C:\wamp\www\yii\framework\web\CController.php(308): CInlineAction->runWithParams()
#18 C:\wamp\www\yii\framework\web\filters\CFilterChain.php(133): JarvisUserController->runAction()
#19 C:\wamp\www\yii\framework\web\filters\CFilter.php(40): CFilterChain->run()
#20 C:\wamp\www\yii\framework\web\CController.php(1145): CAccessControlFilter->filter()
#21 C:\wamp\www\yii\framework\web\filters\CInlineFilter.php(58): JarvisUserController->filterAccessControl()
#22 C:\wamp\www\yii\framework\web\filters\CFilterChain.php(130): CInlineFilter->filter()
#23 C:\wamp\www\yii\framework\web\CController.php(291): CFilterChain->run()
#24 C:\wamp\www\yii\framework\web\CController.php(265): JarvisUserController->runActionWithFilters()
#25 C:\wamp\www\yii\framework\web\CWebApplication.php(282): JarvisUserController->run()
#26 C:\wamp\www\yii\framework\web\CWebApplication.php(141): CWebApplication->runController()
#27 C:\wamp\www\yii\framework\base\CApplication.php(169): CWebApplication->processRequest()
#28 C:\wamp\www\yii-jarvis\index.php(13): CWebApplication->run()
REQUEST_URI=/yii-jarvis/index.php?r=jarvisUser/create
in C:\wamp\www\yii-jarvis\protected\views\jarvisUser\_form.php (19)
in C:\wamp\www\yii-jarvis\protected\views\jarvisUser\create.php (18)
in C:\wamp\www\yii-jarvis\protected\controllers\JarvisUserController.php (79)
2013/01/19 16:57:52 [error] [php] include(first_name.php) [<a href='function.include'>function.include</a>]: failed to open stream: No such file or directory (C:\wamp\www\yii\framework\YiiBase.php:421)
Stack trace:
#0 C:\wamp\www\yii\framework\validators\CValidator.php(186): import()
#1 C:\wamp\www\yii\framework\base\CModel.php(286): createValidator()
#2 C:\wamp\www\yii\framework\base\CModel.php(260): JarvisUser->createValidators()
#3 C:\wamp\www\yii\framework\base\CModel.php(303): JarvisUser->getValidators()
#4 C:\wamp\www\yii\framework\web\helpers\CHtml.php(1237): JarvisUser->isAttributeRequired()
#5 C:\wamp\www\yii\framework\web\widgets\CActiveForm.php(562): activeLabelEx()
#6 C:\wamp\www\yii-jarvis\protected\views\jarvisUser\_form.php(19): CActiveForm->labelEx()
#7 C:\wamp\www\yii\framework\web\CBaseController.php(126): require()
#8 C:\wamp\www\yii\framework\web\CBaseController.php(95): JarvisUserController->renderInternal()
#9 C:\wamp\www\yii\framework\web\CController.php(869): JarvisUserController->renderFile()
#10 C:\wamp\www\yii-jarvis\protected\views\jarvisUser\create.php(18): JarvisUserController->renderPartial()
#11 C:\wamp\www\yii\framework\web\CBaseController.php(126): require()
#12 C:\wamp\www\yii\framework\web\CBaseController.php(95): JarvisUserController->renderInternal()
#13 C:\wamp\www\yii\framework\web\CController.php(869): JarvisUserController->renderFile()
#14 C:\wamp\www\yii\framework\web\CController.php(782): JarvisUserController->renderPartial()
#15 C:\wamp\www\yii-jarvis\protected\controllers\JarvisUserController.php(79): JarvisUserController->render()
#16 C:\wamp\www\yii\framework\web\actions\CInlineAction.php(49): JarvisUserController->actionCreate()
#17 C:\wamp\www\yii\framework\web\CController.php(308): CInlineAction->runWithParams()
#18 C:\wamp\www\yii\framework\web\filters\CFilterChain.php(133): JarvisUserController->runAction()
#19 C:\wamp\www\yii\framework\web\filters\CFilter.php(40): CFilterChain->run()
#20 C:\wamp\www\yii\framework\web\CController.php(1145): CAccessControlFilter->filter()
#21 C:\wamp\www\yii\framework\web\filters\CInlineFilter.php(58): JarvisUserController->filterAccessControl()
#22 C:\wamp\www\yii\framework\web\filters\CFilterChain.php(130): CInlineFilter->filter()
#23 C:\wamp\www\yii\framework\web\CController.php(291): CFilterChain->run()
#24 C:\wamp\www\yii\framework\web\CController.php(265): JarvisUserController->runActionWithFilters()
#25 C:\wamp\www\yii\framework\web\CWebApplication.php(282): JarvisUserController->run()
#26 C:\wamp\www\yii\framework\web\CWebApplication.php(141): CWebApplication->runController()
#27 C:\wamp\www\yii\framework\base\CApplication.php(169): CWebApplication->processRequest()
#28 C:\wamp\www\yii-jarvis\index.php(13): CWebApplication->run()
REQUEST_URI=/yii-jarvis/index.php?r=jarvisUser/create
in C:\wamp\www\yii-jarvis\protected\views\jarvisUser\_form.php (19)
in C:\wamp\www\yii-jarvis\protected\views\jarvisUser\create.php (18)
in C:\wamp\www\yii-jarvis\protected\controllers\JarvisUserController.php (79)
2013/01/19 16:59:34 [error] [exception.CHttpException.403] exception 'CHttpException' with message 'You are not authorized to perform this action.' in C:\wamp\www\yii\framework\web\auth\CAccessControlFilter.php:179
Stack trace:
#0 C:\wamp\www\yii\framework\web\auth\CAccessControlFilter.php(142): CAccessControlFilter->accessDenied(Object(CWebUser), 'You are not aut...')
#1 C:\wamp\www\yii\framework\web\filters\CFilter.php(38): CAccessControlFilter->preFilter(Object(CFilterChain))
#2 C:\wamp\www\yii\framework\web\CController.php(1145): CFilter->filter(Object(CFilterChain))
#3 C:\wamp\www\yii\framework\web\filters\CInlineFilter.php(58): CController->filterAccessControl(Object(CFilterChain))
#4 C:\wamp\www\yii\framework\web\filters\CFilterChain.php(130): CInlineFilter->filter(Object(CFilterChain))
#5 C:\wamp\www\yii\framework\web\CController.php(291): CFilterChain->run()
#6 C:\wamp\www\yii\framework\web\CController.php(265): CController->runActionWithFilters(Object(CInlineAction), Array)
#7 C:\wamp\www\yii\framework\web\CWebApplication.php(282): CController->run('admin')
#8 C:\wamp\www\yii\framework\web\CWebApplication.php(141): CWebApplication->runController('jarvisUser/admi...')
#9 C:\wamp\www\yii\framework\base\CApplication.php(169): CWebApplication->processRequest()
#10 C:\wamp\www\yii-jarvis\index.php(13): CApplication->run()
#11 {main}
REQUEST_URI=/yii-jarvis/index.php?r=jarvisUser/admin
HTTP_REFERER=http://localhost/yii-jarvis/index.php?r=site/login
---
2013/01/19 17:04:07 [error] [exception.CException] exception 'CException' with message 'Property "JarvisUserController.password" is not defined.' in C:\wamp\www\yii\framework\base\CComponent.php:130
Stack trace:
#0 C:\wamp\www\yii-jarvis\protected\controllers\JarvisUserController.php(74): CComponent->__get('password')
#1 C:\wamp\www\yii\framework\web\actions\CInlineAction.php(49): JarvisUserController->actionCreate()
#2 C:\wamp\www\yii\framework\web\CController.php(308): CInlineAction->runWithParams(Array)
#3 C:\wamp\www\yii\framework\web\filters\CFilterChain.php(133): CController->runAction(Object(CInlineAction))
#4 C:\wamp\www\yii\framework\web\filters\CFilter.php(40): CFilterChain->run()
#5 C:\wamp\www\yii\framework\web\CController.php(1145): CFilter->filter(Object(CFilterChain))
#6 C:\wamp\www\yii\framework\web\filters\CInlineFilter.php(58): CController->filterAccessControl(Object(CFilterChain))
#7 C:\wamp\www\yii\framework\web\filters\CFilterChain.php(130): CInlineFilter->filter(Object(CFilterChain))
#8 C:\wamp\www\yii\framework\web\CController.php(291): CFilterChain->run()
#9 C:\wamp\www\yii\framework\web\CController.php(265): CController->runActionWithFilters(Object(CInlineAction), Array)
#10 C:\wamp\www\yii\framework\web\CWebApplication.php(282): CController->run('create')
#11 C:\wamp\www\yii\framework\web\CWebApplication.php(141): CWebApplication->runController('jarvisUser/crea...')
#12 C:\wamp\www\yii\framework\base\CApplication.php(169): CWebApplication->processRequest()
#13 C:\wamp\www\yii-jarvis\index.php(13): CApplication->run()
#14 {main}
REQUEST_URI=/yii-jarvis/index.php?r=jarvisUser/create
HTTP_REFERER=http://localhost/yii-jarvis/index.php?r=jarvisUser/create
---
2013/01/19 17:10:55 [error] [exception.CHttpException.403] exception 'CHttpException' with message 'You are not authorized to perform this action.' in C:\wamp\www\yii\framework\web\auth\CAccessControlFilter.php:179
Stack trace:
#0 C:\wamp\www\yii\framework\web\auth\CAccessControlFilter.php(142): CAccessControlFilter->accessDenied(Object(CWebUser), 'You are not aut...')
#1 C:\wamp\www\yii\framework\web\filters\CFilter.php(38): CAccessControlFilter->preFilter(Object(CFilterChain))
#2 C:\wamp\www\yii\framework\web\CController.php(1145): CFilter->filter(Object(CFilterChain))
#3 C:\wamp\www\yii\framework\web\filters\CInlineFilter.php(58): CController->filterAccessControl(Object(CFilterChain))
#4 C:\wamp\www\yii\framework\web\filters\CFilterChain.php(130): CInlineFilter->filter(Object(CFilterChain))
#5 C:\wamp\www\yii\framework\web\CController.php(291): CFilterChain->run()
#6 C:\wamp\www\yii\framework\web\CController.php(265): CController->runActionWithFilters(Object(CInlineAction), Array)
#7 C:\wamp\www\yii\framework\web\CWebApplication.php(282): CController->run('')
#8 C:\wamp\www\yii\framework\web\CWebApplication.php(141): CWebApplication->runController('jarvisUser')
#9 C:\wamp\www\yii\framework\base\CApplication.php(169): CWebApplication->processRequest()
#10 C:\wamp\www\yii-jarvis\index.php(13): CApplication->run()
#11 {main}
REQUEST_URI=/yii-jarvis/index.php?r=jarvisUser
---
2013/01/19 17:19:00 [error] [exception.CHttpException.400] exception 'CHttpException' with message 'Your request is invalid.' in C:\wamp\www\yii\framework\web\CController.php:336
Stack trace:
#0 C:\wamp\www\yii\framework\web\CController.php(309): CController->invalidActionParams(Object(CInlineAction))
#1 C:\wamp\www\yii\framework\web\filters\CFilterChain.php(133): CController->runAction(Object(CInlineAction))
#2 C:\wamp\www\yii\framework\web\filters\CFilter.php(40): CFilterChain->run()
#3 C:\wamp\www\yii\framework\web\CController.php(1145): CFilter->filter(Object(CFilterChain))
#4 C:\wamp\www\yii\framework\web\filters\CInlineFilter.php(58): CController->filterAccessControl(Object(CFilterChain))
#5 C:\wamp\www\yii\framework\web\filters\CFilterChain.php(130): CInlineFilter->filter(Object(CFilterChain))
#6 C:\wamp\www\yii\framework\web\CController.php(291): CFilterChain->run()
#7 C:\wamp\www\yii\framework\web\CController.php(265): CController->runActionWithFilters(Object(CInlineAction), Array)
#8 C:\wamp\www\yii\framework\web\CWebApplication.php(282): CController->run('update')
#9 C:\wamp\www\yii\framework\web\CWebApplication.php(141): CWebApplication->runController('jarvisUser/upda...')
#10 C:\wamp\www\yii\framework\base\CApplication.php(169): CWebApplication->processRequest()
#11 C:\wamp\www\yii-jarvis\index.php(13): CApplication->run()
#12 {main}
REQUEST_URI=/yii-jarvis/index.php?r=jarvisUser/update
HTTP_REFERER=http://localhost/yii-jarvis/index.php?r=site/login
---
2013/01/19 17:19:03 [error] [exception.CHttpException.400] exception 'CHttpException' with message 'Your request is invalid.' in C:\wamp\www\yii\framework\web\CController.php:336
Stack trace:
#0 C:\wamp\www\yii\framework\web\CController.php(309): CController->invalidActionParams(Object(CInlineAction))
#1 C:\wamp\www\yii\framework\web\filters\CFilterChain.php(133): CController->runAction(Object(CInlineAction))
#2 C:\wamp\www\yii\framework\web\filters\CFilter.php(40): CFilterChain->run()
#3 C:\wamp\www\yii\framework\web\CController.php(1145): CFilter->filter(Object(CFilterChain))
#4 C:\wamp\www\yii\framework\web\filters\CInlineFilter.php(58): CController->filterAccessControl(Object(CFilterChain))
#5 C:\wamp\www\yii\framework\web\filters\CFilterChain.php(130): CInlineFilter->filter(Object(CFilterChain))
#6 C:\wamp\www\yii\framework\web\CController.php(291): CFilterChain->run()
#7 C:\wamp\www\yii\framework\web\CController.php(265): CController->runActionWithFilters(Object(CInlineAction), Array)
#8 C:\wamp\www\yii\framework\web\CWebApplication.php(282): CController->run('update')
#9 C:\wamp\www\yii\framework\web\CWebApplication.php(141): CWebApplication->runController('jarvisUser/upda...')
#10 C:\wamp\www\yii\framework\base\CApplication.php(169): CWebApplication->processRequest()
#11 C:\wamp\www\yii-jarvis\index.php(13): CApplication->run()
#12 {main}
REQUEST_URI=/yii-jarvis/index.php?r=jarvisUser/update
---
2013/01/19 17:19:10 [error] [exception.CHttpException.404] exception 'CHttpException' with message 'The system is unable to find the requested action "indẽ".' in C:\wamp\www\yii\framework\web\CController.php:483
Stack trace:
#0 C:\wamp\www\yii\framework\web\CController.php(270): CController->missingAction('ind???')
#1 C:\wamp\www\yii\framework\web\CWebApplication.php(282): CController->run('ind???')
#2 C:\wamp\www\yii\framework\web\CWebApplication.php(141): CWebApplication->runController('jarvisUser/ind?...')
#3 C:\wamp\www\yii\framework\base\CApplication.php(169): CWebApplication->processRequest()
#4 C:\wamp\www\yii-jarvis\index.php(13): CApplication->run()
#5 {main}
REQUEST_URI=/yii-jarvis/index.php?r=jarvisUser/ind%E1%BA%BD
---
2013/01/19 17:19:12 [error] [exception.CHttpException.403] exception 'CHttpException' with message 'You are not authorized to perform this action.' in C:\wamp\www\yii\framework\web\auth\CAccessControlFilter.php:179
Stack trace:
#0 C:\wamp\www\yii\framework\web\auth\CAccessControlFilter.php(142): CAccessControlFilter->accessDenied(Object(CWebUser), 'You are not aut...')
#1 C:\wamp\www\yii\framework\web\filters\CFilter.php(38): CAccessControlFilter->preFilter(Object(CFilterChain))
#2 C:\wamp\www\yii\framework\web\CController.php(1145): CFilter->filter(Object(CFilterChain))
#3 C:\wamp\www\yii\framework\web\filters\CInlineFilter.php(58): CController->filterAccessControl(Object(CFilterChain))
#4 C:\wamp\www\yii\framework\web\filters\CFilterChain.php(130): CInlineFilter->filter(Object(CFilterChain))
#5 C:\wamp\www\yii\framework\web\CController.php(291): CFilterChain->run()
#6 C:\wamp\www\yii\framework\web\CController.php(265): CController->runActionWithFilters(Object(CInlineAction), Array)
#7 C:\wamp\www\yii\framework\web\CWebApplication.php(282): CController->run('index')
#8 C:\wamp\www\yii\framework\web\CWebApplication.php(141): CWebApplication->runController('jarvisUser/inde...')
#9 C:\wamp\www\yii\framework\base\CApplication.php(169): CWebApplication->processRequest()
#10 C:\wamp\www\yii-jarvis\index.php(13): CApplication->run()
#11 {main}
REQUEST_URI=/yii-jarvis/index.php?r=jarvisUser/index
---
2013/01/19 17:19:29 [error] [exception.CHttpException.400] exception 'CHttpException' with message 'Your request is invalid.' in C:\wamp\www\yii\framework\web\CController.php:336
Stack trace:
#0 C:\wamp\www\yii\framework\web\CController.php(309): CController->invalidActionParams(Object(CInlineAction))
#1 C:\wamp\www\yii\framework\web\filters\CFilterChain.php(133): CController->runAction(Object(CInlineAction))
#2 C:\wamp\www\yii\framework\web\filters\CFilter.php(40): CFilterChain->run()
#3 C:\wamp\www\yii\framework\web\CController.php(1145): CFilter->filter(Object(CFilterChain))
#4 C:\wamp\www\yii\framework\web\filters\CInlineFilter.php(58): CController->filterAccessControl(Object(CFilterChain))
#5 C:\wamp\www\yii\framework\web\filters\CFilterChain.php(130): CInlineFilter->filter(Object(CFilterChain))
#6 C:\wamp\www\yii\framework\web\CController.php(291): CFilterChain->run()
#7 C:\wamp\www\yii\framework\web\CController.php(265): CController->runActionWithFilters(Object(CInlineAction), Array)
#8 C:\wamp\www\yii\framework\web\CWebApplication.php(282): CController->run('update')
#9 C:\wamp\www\yii\framework\web\CWebApplication.php(141): CWebApplication->runController('jarvisUser/upda...')
#10 C:\wamp\www\yii\framework\base\CApplication.php(169): CWebApplication->processRequest()
#11 C:\wamp\www\yii-jarvis\index.php(13): CApplication->run()
#12 {main}
REQUEST_URI=/yii-jarvis/index.php?r=jarvisUser/update
---
2013/01/19 17:19:44 [error] [exception.CHttpException.403] exception 'CHttpException' with message 'You are not authorized to perform this action.' in C:\wamp\www\yii\framework\web\auth\CAccessControlFilter.php:179
Stack trace:
#0 C:\wamp\www\yii\framework\web\auth\CAccessControlFilter.php(142): CAccessControlFilter->accessDenied(Object(CWebUser), 'You are not aut...')
#1 C:\wamp\www\yii\framework\web\filters\CFilter.php(38): CAccessControlFilter->preFilter(Object(CFilterChain))
#2 C:\wamp\www\yii\framework\web\CController.php(1145): CFilter->filter(Object(CFilterChain))
#3 C:\wamp\www\yii\framework\web\filters\CInlineFilter.php(58): CController->filterAccessControl(Object(CFilterChain))
#4 C:\wamp\www\yii\framework\web\filters\CFilterChain.php(130): CInlineFilter->filter(Object(CFilterChain))
#5 C:\wamp\www\yii\framework\web\CController.php(291): CFilterChain->run()
#6 C:\wamp\www\yii\framework\web\CController.php(265): CController->runActionWithFilters(Object(CInlineAction), Array)
#7 C:\wamp\www\yii\framework\web\CWebApplication.php(282): CController->run('')
#8 C:\wamp\www\yii\framework\web\CWebApplication.php(141): CWebApplication->runController('jarvisUser')
#9 C:\wamp\www\yii\framework\base\CApplication.php(169): CWebApplication->processRequest()
#10 C:\wamp\www\yii-jarvis\index.php(13): CApplication->run()
#11 {main}
REQUEST_URI=/yii-jarvis/index.php?r=jarvisUser
---
2013/01/19 17:19:52 [error] [exception.CHttpException.400] exception 'CHttpException' with message 'Your request is invalid.' in C:\wamp\www\yii\framework\web\CController.php:336
Stack trace:
#0 C:\wamp\www\yii\framework\web\CController.php(309): CController->invalidActionParams(Object(CInlineAction))
#1 C:\wamp\www\yii\framework\web\filters\CFilterChain.php(133): CController->runAction(Object(CInlineAction))
#2 C:\wamp\www\yii\framework\web\filters\CFilter.php(40): CFilterChain->run()
#3 C:\wamp\www\yii\framework\web\CController.php(1145): CFilter->filter(Object(CFilterChain))
#4 C:\wamp\www\yii\framework\web\filters\CInlineFilter.php(58): CController->filterAccessControl(Object(CFilterChain))
#5 C:\wamp\www\yii\framework\web\filters\CFilterChain.php(130): CInlineFilter->filter(Object(CFilterChain))
#6 C:\wamp\www\yii\framework\web\CController.php(291): CFilterChain->run()
#7 C:\wamp\www\yii\framework\web\CController.php(265): CController->runActionWithFilters(Object(CInlineAction), Array)
#8 C:\wamp\www\yii\framework\web\CWebApplication.php(282): CController->run('update')
#9 C:\wamp\www\yii\framework\web\CWebApplication.php(141): CWebApplication->runController('jarvisUser/upda...')
#10 C:\wamp\www\yii\framework\base\CApplication.php(169): CWebApplication->processRequest()
#11 C:\wamp\www\yii-jarvis\index.php(13): CApplication->run()
#12 {main}
REQUEST_URI=/yii-jarvis/index.php?r=jarvisUser/update
---
2013/01/19 17:19:57 [error] [exception.CHttpException.403] exception 'CHttpException' with message 'You are not authorized to perform this action.' in C:\wamp\www\yii\framework\web\auth\CAccessControlFilter.php:179
Stack trace:
#0 C:\wamp\www\yii\framework\web\auth\CAccessControlFilter.php(142): CAccessControlFilter->accessDenied(Object(CWebUser), 'You are not aut...')
#1 C:\wamp\www\yii\framework\web\filters\CFilter.php(38): CAccessControlFilter->preFilter(Object(CFilterChain))
#2 C:\wamp\www\yii\framework\web\CController.php(1145): CFilter->filter(Object(CFilterChain))
#3 C:\wamp\www\yii\framework\web\filters\CInlineFilter.php(58): CController->filterAccessControl(Object(CFilterChain))
#4 C:\wamp\www\yii\framework\web\filters\CFilterChain.php(130): CInlineFilter->filter(Object(CFilterChain))
#5 C:\wamp\www\yii\framework\web\CController.php(291): CFilterChain->run()
#6 C:\wamp\www\yii\framework\web\CController.php(265): CController->runActionWithFilters(Object(CInlineAction), Array)
#7 C:\wamp\www\yii\framework\web\CWebApplication.php(282): CController->run('index')
#8 C:\wamp\www\yii\framework\web\CWebApplication.php(141): CWebApplication->runController('jarvisUser/inde...')
#9 C:\wamp\www\yii\framework\base\CApplication.php(169): CWebApplication->processRequest()
#10 C:\wamp\www\yii-jarvis\index.php(13): CApplication->run()
#11 {main}
REQUEST_URI=/yii-jarvis/index.php?r=jarvisUser/index
---
2013/01/19 17:20:40 [error] [exception.CHttpException.400] exception 'CHttpException' with message 'Your request is invalid.' in C:\wamp\www\yii\framework\web\CController.php:336
Stack trace:
#0 C:\wamp\www\yii\framework\web\CController.php(309): CController->invalidActionParams(Object(CInlineAction))
#1 C:\wamp\www\yii\framework\web\filters\CFilterChain.php(133): CController->runAction(Object(CInlineAction))
#2 C:\wamp\www\yii\framework\web\filters\CFilter.php(40): CFilterChain->run()
#3 C:\wamp\www\yii\framework\web\CController.php(1145): CFilter->filter(Object(CFilterChain))
#4 C:\wamp\www\yii\framework\web\filters\CInlineFilter.php(58): CController->filterAccessControl(Object(CFilterChain))
#5 C:\wamp\www\yii\framework\web\filters\CFilterChain.php(130): CInlineFilter->filter(Object(CFilterChain))
#6 C:\wamp\www\yii\framework\web\CController.php(291): CFilterChain->run()
#7 C:\wamp\www\yii\framework\web\CController.php(265): CController->runActionWithFilters(Object(CInlineAction), Array)
#8 C:\wamp\www\yii\framework\web\CWebApplication.php(282): CController->run('view')
#9 C:\wamp\www\yii\framework\web\CWebApplication.php(141): CWebApplication->runController('jarvisUser/view')
#10 C:\wamp\www\yii\framework\base\CApplication.php(169): CWebApplication->processRequest()
#11 C:\wamp\www\yii-jarvis\index.php(13): CApplication->run()
#12 {main}
REQUEST_URI=/yii-jarvis/index.php?r=jarvisUser/view
---
2013/01/19 20:02:58 [error] [exception.CHttpException.403] exception 'CHttpException' with message 'You are not authorized to perform this action.' in C:\wamp\www\yii\framework\web\auth\CAccessControlFilter.php:179
Stack trace:
#0 C:\wamp\www\yii\framework\web\auth\CAccessControlFilter.php(142): CAccessControlFilter->accessDenied(Object(CWebUser), 'You are not aut...')
#1 C:\wamp\www\yii\framework\web\filters\CFilter.php(38): CAccessControlFilter->preFilter(Object(CFilterChain))
#2 C:\wamp\www\yii\framework\web\CController.php(1145): CFilter->filter(Object(CFilterChain))
#3 C:\wamp\www\yii\framework\web\filters\CInlineFilter.php(58): CController->filterAccessControl(Object(CFilterChain))
#4 C:\wamp\www\yii\framework\web\filters\CFilterChain.php(130): CInlineFilter->filter(Object(CFilterChain))
#5 C:\wamp\www\yii\framework\web\CController.php(291): CFilterChain->run()
#6 C:\wamp\www\yii\framework\web\CController.php(265): CController->runActionWithFilters(Object(CInlineAction), Array)
#7 C:\wamp\www\yii\framework\web\CWebApplication.php(282): CController->run('index')
#8 C:\wamp\www\yii\framework\web\CWebApplication.php(141): CWebApplication->runController('jarvisUser/inde...')
#9 C:\wamp\www\yii\framework\base\CApplication.php(169): CWebApplication->processRequest()
#10 C:\wamp\www\yii-jarvis\index.php(13): CApplication->run()
#11 {main}
REQUEST_URI=/yii-jarvis/index.php?r=jarvisUser/index
HTTP_REFERER=http://localhost/yii-jarvis/index.php?r=jarvisUser/update&id=5
---
2013/01/19 21:07:25 [error] [exception.CHttpException.400] exception 'CHttpException' with message 'Your request is invalid.' in C:\wamp\www\yii\framework\web\CController.php:336
Stack trace:
#0 C:\wamp\www\yii\framework\web\CController.php(309): CController->invalidActionParams(Object(CInlineAction))
#1 C:\wamp\www\yii\framework\web\filters\CFilterChain.php(133): CController->runAction(Object(CInlineAction))
#2 C:\wamp\www\yii\framework\web\filters\CFilter.php(40): CFilterChain->run()
#3 C:\wamp\www\yii\framework\web\CController.php(1145): CFilter->filter(Object(CFilterChain))
#4 C:\wamp\www\yii\framework\web\filters\CInlineFilter.php(58): CController->filterAccessControl(Object(CFilterChain))
#5 C:\wamp\www\yii\framework\web\filters\CFilterChain.php(130): CInlineFilter->filter(Object(CFilterChain))
#6 C:\wamp\www\yii\framework\web\CController.php(291): CFilterChain->run()
#7 C:\wamp\www\yii\framework\web\CController.php(265): CController->runActionWithFilters(Object(CInlineAction), Array)
#8 C:\wamp\www\yii\framework\web\CWebApplication.php(282): CController->run('update')
#9 C:\wamp\www\yii\framework\web\CWebApplication.php(141): CWebApplication->runController('jarvisUser/upda...')
#10 C:\wamp\www\yii\framework\base\CApplication.php(169): CWebApplication->processRequest()
#11 C:\wamp\www\yii-jarvis\index.php(13): CApplication->run()
#12 {main}
REQUEST_URI=/yii-jarvis/index.php?r=jarvisUser/update
---
